<?xml version="1.0" encoding="UTF-8"?>
<!-- Generated by org.testng.reporters.JUnitXMLReporter -->
<testsuite hostname="LAPTOP-QC3HM38T" ignored="0" name="chrometest" tests="2" failures="1" timestamp="29 Jun 2020 23:04:31 GMT" time="46.583" errors="0">
  <testcase name="loginTest" time="7.508" classname="com.nopcommerce.testCases.TC_LoginTest_001">
    <failure type="java.io.IOException" message="Failed to copy full contents from &amp;apos;C:\Users\Sahithi\AppData\Local\Temp\screenshot5554048357383797138.png&amp;apos; to &amp;apos;C:\Users\Sahithi\eclipse-workspace\nopcommerceNew\nopcommerceNew\Screenshots\loginTest.png&amp;apos; Expected length: 349234 Actual: 349527">
      <![CDATA[java.io.IOException: Failed to copy full contents from 'C:\Users\Sahithi\AppData\Local\Temp\screenshot5554048357383797138.png' to 'C:\Users\Sahithi\eclipse-workspace\nopcommerceNew\nopcommerceNew\Screenshots\loginTest.png' Expected length: 349234 Actual: 349527
at org.apache.commons.io.FileUtils.doCopyFile(FileUtils.java:1142)
at org.apache.commons.io.FileUtils.copyFile(FileUtils.java:1076)
at org.apache.commons.io.FileUtils.copyFile(FileUtils.java:1028)
at com.nopcommerce.testBase.BaseClass.captureScreen(BaseClass.java:83)
at com.nopcommerce.testCases.TC_LoginTest_001.loginTest(TC_LoginTest_001.java:39)
at java.util.concurrent.FutureTask.run(FutureTask.java:266)
at java.util.concurrent.ThreadPoolExecutor.runWorker(ThreadPoolExecutor.java:1149)
at java.util.concurrent.ThreadPoolExecutor$Worker.run(ThreadPoolExecutor.java:624)
at java.lang.Thread.run(Thread.java:748)
... Removed 16 stack frames]]>
    </failure>
  </testcase> <!-- loginTest -->
  <testcase name="addNewCustomer" time="27.799" classname="com.nopcommerce.testCases.TC_AddCustomerTest_003"/>
</testsuite> <!-- chrometest -->
