<?xml version="1.0" encoding="UTF-8"?>
<!-- Generated by org.testng.reporters.JUnitXMLReporter -->
<testsuite hostname="LAPTOP-QC3HM38T" ignored="0" name="nopcommercetest" tests="1" failures="0" timestamp="27 Jun 2020 16:32:34 GMT" time="0.156" errors="0">
  <testcase name="@BeforeClass setup" time="0.122" classname="com.nopcommerce.testBase.BaseClass">
    <failure type="java.lang.IllegalStateException" message="The driver executable is a directory: C:\myjars\edgedriver_win32">
      <![CDATA[java.lang.IllegalStateException: The driver executable is a directory: C:\myjars\edgedriver_win32
at com.google.common.base.Preconditions.checkState(Preconditions.java:589)
at org.openqa.selenium.remote.service.DriverService.checkExecutable(DriverService.java:156)
at org.openqa.selenium.remote.service.DriverService.findExecutable(DriverService.java:149)
at org.openqa.selenium.edge.edgehtml.EdgeHtmlDriverService.access$000(EdgeHtmlDriverService.java:36)
at org.openqa.selenium.edge.edgehtml.EdgeHtmlDriverService$Builder.findDefaultExecutable(EdgeHtmlDriverService.java:98)
at org.openqa.selenium.remote.service.DriverService$Builder.build(DriverService.java:389)
at org.openqa.selenium.edge.EdgeDriver.toExecutor(EdgeDriver.java:141)
at org.openqa.selenium.edge.EdgeDriver.<init>(EdgeDriver.java:120)
at org.openqa.selenium.edge.EdgeDriver.<init>(EdgeDriver.java:117)
at com.nopcommerce.testBase.BaseClass.setup(BaseClass.java:58)
... Removed 26 stack frames]]>
    </failure>
  </testcase> <!-- @BeforeClass setup -->
  <testcase name="@AfterClass tearDown" time="0.0" classname="com.nopcommerce.testBase.BaseClass">
    <skipped/>
  </testcase> <!-- @AfterClass tearDown -->
  <testcase name="loginTest" time="0.0" classname="com.nopcommerce.testCases.TC_LoginTest_001">
    <skipped/>
  </testcase> <!-- loginTest -->
</testsuite> <!-- nopcommercetest -->
