<?xml version="1.0" encoding="UTF-8"?>
<testng-results skipped="0" failed="0" ignored="0" total="2" passed="2">
  <reporter-output>
  </reporter-output>
  <suite name="nopcommerce" duration-ms="27012" started-at="2020-06-30T19:38:19 CDT" finished-at="2020-06-30T19:38:46 CDT">
    <groups>
    </groups>
    <test name="TC_LoginTest_001" duration-ms="9084" started-at="2020-06-30T19:38:19 CDT" finished-at="2020-06-30T19:38:28 CDT">
      <class name="com.nopcommerce.testCases.TC_LoginTest_001">
        <test-method status="PASS" signature="setup(java.lang.String)[pri:0, instance:com.nopcommerce.testCases.TC_LoginTest_001@35d019a3]" name="setup" is-config="true" duration-ms="4356" started-at="2020-06-30T19:38:19 CDT" finished-at="2020-06-30T19:38:23 CDT">
          <params>
            <param index="0">
              <value>
                <![CDATA[chrome]]>
              </value>
            </param>
          </params>
          <reporter-output>
          </reporter-output>
        </test-method> <!-- setup -->
        <test-method status="PASS" signature="loginTest()[pri:0, instance:com.nopcommerce.testCases.TC_LoginTest_001@35d019a3]" name="loginTest" duration-ms="3985" started-at="2020-06-30T19:38:23 CDT" finished-at="2020-06-30T19:38:27 CDT">
          <reporter-output>
          </reporter-output>
        </test-method> <!-- loginTest -->
        <test-method status="PASS" signature="tearDown()[pri:0, instance:com.nopcommerce.testCases.TC_LoginTest_001@35d019a3]" name="tearDown" is-config="true" duration-ms="679" started-at="2020-06-30T19:38:27 CDT" finished-at="2020-06-30T19:38:28 CDT">
          <reporter-output>
          </reporter-output>
        </test-method> <!-- tearDown -->
      </class> <!-- com.nopcommerce.testCases.TC_LoginTest_001 -->
    </test> <!-- TC_LoginTest_001 -->
    <test name="TC_AddCustomer_003" duration-ms="27012" started-at="2020-06-30T19:38:19 CDT" finished-at="2020-06-30T19:38:46 CDT">
      <class name="com.nopcommerce.testCases.TC_AddCustomerTest_003">
        <test-method status="PASS" signature="setup(java.lang.String)[pri:0, instance:com.nopcommerce.testCases.TC_AddCustomerTest_003@14cd1699]" name="setup" is-config="true" duration-ms="4312" started-at="2020-06-30T19:38:19 CDT" finished-at="2020-06-30T19:38:23 CDT">
          <params>
            <param index="0">
              <value>
                <![CDATA[chrome]]>
              </value>
            </param>
          </params>
          <reporter-output>
          </reporter-output>
        </test-method> <!-- setup -->
        <test-method status="PASS" signature="addNewCustomer()[pri:0, instance:com.nopcommerce.testCases.TC_AddCustomerTest_003@14cd1699]" name="addNewCustomer" duration-ms="21970" started-at="2020-06-30T19:38:23 CDT" finished-at="2020-06-30T19:38:45 CDT">
          <reporter-output>
          </reporter-output>
        </test-method> <!-- addNewCustomer -->
        <test-method status="PASS" signature="tearDown()[pri:0, instance:com.nopcommerce.testCases.TC_AddCustomerTest_003@14cd1699]" name="tearDown" is-config="true" duration-ms="639" started-at="2020-06-30T19:38:45 CDT" finished-at="2020-06-30T19:38:46 CDT">
          <reporter-output>
          </reporter-output>
        </test-method> <!-- tearDown -->
      </class> <!-- com.nopcommerce.testCases.TC_AddCustomerTest_003 -->
    </test> <!-- TC_AddCustomer_003 -->
  </suite> <!-- nopcommerce -->
</testng-results>
